<?xml version="1.0" encoding="UTF-8"?>
<!-- Generated by org.testng.reporters.JUnitReportReporter -->
<testsuite hostname="Mirzas-MacBook-Pro.local" failures="0" tests="3" name="tvo.tvoLearn.HomePageTest" time="12.484" errors="0" timestamp="2023-06-05T17:45:43 EDT" skipped="0">
  <testcase classname="tvo.tvoLearn.HomePageTest" name="elementaryHasNineGradeSection" time="4.033"/>
  <system-out/>
  <testcase classname="tvo.tvoLearn.HomePageTest" name="titleLogoDisplayed" time="4.942"/>
  <system-out/>
  <testcase classname="tvo.tvoLearn.HomePageTest" name="navBarHasElementarySection" time="3.509"/>
  <system-out/>
</testsuite> <!-- tvo.tvoLearn.HomePageTest -->
