<?xml version="1.0" encoding="UTF-8"?>
<!-- Generated by org.testng.reporters.JUnitReportReporter -->
<testsuite hostname="Mirzas-MacBook-Pro.local" failures="0" tests="3" name="tvo.tvoLearn.HomePageTest" time="11.514" errors="0" timestamp="2023-06-06T02:42:52 EDT" skipped="0">
  <testcase classname="tvo.tvoLearn.HomePageTest" name="titleLogoDisplayed" time="3.923"/>
  <testcase classname="tvo.tvoLearn.HomePageTest" name="elementaryHasNineGradeSection" time="4.158"/>
  <testcase classname="tvo.tvoLearn.HomePageTest" name="navBarHasElementarySection" time="3.433"/>
</testsuite> <!-- tvo.tvoLearn.HomePageTest -->
