<?xml version="1.0" encoding="UTF-8"?>
<!-- Generated by org.testng.reporters.JUnitReportReporter -->
<testsuite hostname="Mirzas-MacBook-Pro.local" failures="0" tests="1" name="tvo.tvoLearn.ElementaryGradeHomePageTest" time="4.959" errors="0" timestamp="2023-06-05T17:48:35 EDT" skipped="0">
  <testcase classname="tvo.tvoLearn.ElementaryGradeHomePageTest" name="titleIncludesWordGrade" time="4.959"/>
</testsuite> <!-- tvo.tvoLearn.ElementaryGradeHomePageTest -->
