<?xml version="1.0" encoding="UTF-8"?>
<!-- Generated by org.testng.reporters.JUnitReportReporter -->
<testsuite hostname="Mirzas-MacBook-Pro.local" failures="0" tests="3" name="tvo.tvoLearn.HomePageTest" time="13.787" errors="0" timestamp="2023-06-05T17:48:35 EDT" skipped="0">
  <testcase classname="tvo.tvoLearn.HomePageTest" name="navBarHasElementarySection" time="3.794"/>
  <testcase classname="tvo.tvoLearn.HomePageTest" name="elementaryHasNineGradeSection" time="5.184"/>
  <testcase classname="tvo.tvoLearn.HomePageTest" name="titleLogoDisplayed" time="4.809"/>
</testsuite> <!-- tvo.tvoLearn.HomePageTest -->
